<2019-02-25 17:35:22,150> DEBUG    - Logging Logging has been initialized!
<2019-02-25 17:35:22,150> INFO     - Validated Environment:  '6Ssf2Ev7kGj0-TWajUb2jJGbANQVwN709GGrSDWq2Sg='
<2019-02-25 17:35:22,154> DEBUG    - Starting preparation_workflow...
<2019-02-25 17:35:22,154> INFO     - Initialized Experiment: 'aa6e93a4-cba0-4ac7-99e0-f3aac3566b4f'
<2019-02-25 17:35:22,154> DEBUG    - Skipped source backup:  '/usr/local/lib/python3.6/site-packages/hyperparameter_hunter/optimization_core.py'
<2019-02-25 17:35:22,154> DEBUG    - Experiment parameters have been validated
<2019-02-25 17:35:22,162> INFO     - Hyperparameter Key:     'Cnuf-_kbeY980-eJIRpXwfDpo_1Iske_IwYBMNUm8VY='
<2019-02-25 17:35:22,162> DEBUG    - Raw hyperparameters...
<2019-02-25 17:35:22,162> DEBUG    - {'model_initializer': 'teDg862HwbPFQT8mtGsUT0xHdqb1xYKIXnDiEmrUDo8=', 'model_init_params': {'boosting_type': 'gbdt', 'num_leaves': 131, 'max_depth': -1, 'learning_rate': 0.299833391253303, 'n_estimators': 100, 'subsample_for_bin': 200000, 'objective': None, 'class_weight': None, 'min_split_gain': 0.0, 'min_child_weight': 1.707995061172273, 'min_child_samples': 20, 'subsample': 0.8546852920995762, 'subsample_freq': 0, 'colsample_bytree': 0.5803120385988711, 'reg_alpha': 0.08296990912806376, 'reg_lambda': 0.013163245716326745, 'random_state': None, 'n_jobs': -1, 'silent': True, 'importance_type': 'split', 'num_boost_round': 290}, 'model_extra_params': {'feature_name': ['age', 'workclass', 'fnlwgt', 'education', 'marital_status', 'occupation', 'relationship', 'race', 'gender', 'capital_gain', 'capital_loss', 'hours_per_week', 'native_country', 'education_occupation', 'native_country_occupation'], 'categorical_feature': ['workclass', 'education', 'marital_status', 'occupation', 'relationship', 'race', 'gender', 'native_country', 'education_occupation', 'native_country_occupation']}, 'preprocessing_pipeline': {}, 'preprocessing_params': {}, 'feature_selector': ['age', 'workclass', 'fnlwgt', 'education', 'marital_status', 'occupation', 'relationship', 'race', 'gender', 'capital_gain', 'capital_loss', 'hours_per_week', 'native_country', 'education_occupation', 'native_country_occupation']}
<2019-02-25 17:35:22,162> DEBUG    - Completed preparation_workflow
<2019-02-25 17:35:22,162> DEBUG    - BaseExperiment._random_seed_initializer() done
<2019-02-25 17:35:22,162> DEBUG    - Initialized random seeds for experiment
<2019-02-25 17:35:22,166> DEBUG    - Initial preprocessing stage complete
<2019-02-25 17:35:22,167> INFO     - 
<2019-02-25 17:35:22,167> DEBUG    - BaseCallback.on_experiment_start()
<2019-02-25 17:35:22,168> DEBUG    - BaseCallback.on_repetition_start()
<2019-02-25 17:35:22,173> DEBUG    - BaseCallback.on_fold_start()
<2019-02-25 17:35:22,179> DEBUG    - F0/R0  |  Seed: 10967   Time: 17:35:22
<2019-02-25 17:35:22,179> DEBUG    - BaseCallback.on_run_start()
<2019-02-25 17:35:23,537> DEBUG    - F0/R0  |  OOF(f1_score=0.66992)  |  Time Elapsed: 1.35831 s
<2019-02-25 17:35:23,537> DEBUG    - BaseCallback.on_run_end()
<2019-02-25 17:35:23,544> INFO     - F0.0 AVG:   OOF(f1_score=0.66992)  |  Time Elapsed: 1.37126 s
<2019-02-25 17:35:23,545> DEBUG    - BaseCallback.on_fold_end()
<2019-02-25 17:35:23,545> DEBUG    - BaseCallback.on_fold_start()
<2019-02-25 17:35:23,550> DEBUG    - F1/R0  |  Seed: 75062   Time: 17:35:23
<2019-02-25 17:35:23,550> DEBUG    - BaseCallback.on_run_start()
<2019-02-25 17:35:24,758> DEBUG    - F1/R0  |  OOF(f1_score=0.67392)  |  Time Elapsed: 1.20821 s
<2019-02-25 17:35:24,758> DEBUG    - BaseCallback.on_run_end()
<2019-02-25 17:35:24,765> INFO     - F0.1 AVG:   OOF(f1_score=0.67392)  |  Time Elapsed: 1.22041 s
<2019-02-25 17:35:24,765> DEBUG    - BaseCallback.on_fold_end()
<2019-02-25 17:35:24,766> DEBUG    - BaseCallback.on_fold_start()
<2019-02-25 17:35:24,771> DEBUG    - F2/R0  |  Seed: 60284   Time: 17:35:24
<2019-02-25 17:35:24,771> DEBUG    - BaseCallback.on_run_start()
<2019-02-25 17:35:25,942> DEBUG    - F2/R0  |  OOF(f1_score=0.68253)  |  Time Elapsed: 1.17074 s
<2019-02-25 17:35:25,942> DEBUG    - BaseCallback.on_run_end()
<2019-02-25 17:35:25,949> INFO     - F0.2 AVG:   OOF(f1_score=0.68253)  |  Time Elapsed: 1.18337 s
<2019-02-25 17:35:25,949> DEBUG    - BaseCallback.on_fold_end()
<2019-02-25 17:35:25,962> DEBUG    - Repetition 0 AVG:   OOF(f1_score=0.67549)  |  Time Elapsed: 3.7936 s
<2019-02-25 17:35:25,962> DEBUG    - BaseCallback.on_repetition_end()
<2019-02-25 17:35:25,973> INFO     - 
<2019-02-25 17:35:25,974> INFO     - FINAL:    OOF(f1_score=0.67549)  |  Time Elapsed: 3.80633 s
<2019-02-25 17:35:25,974> DEBUG    - BaseCallback.on_experiment_end()
<2019-02-25 17:35:25,974> INFO     - 
<2019-02-25 17:35:25,989> INFO     - Saving results for Experiment: 'aa6e93a4-cba0-4ac7-99e0-f3aac3566b4f'
<2019-02-25 17:35:25,989> DEBUG    - Saving result file for 'TestedKeyRecorder'
<2019-02-25 17:35:25,989> DEBUG    - cross_experiment_key "6Ssf2Ev7kGj0-TWajUb2jJGbANQVwN709GGrSDWq2Sg=" already exists - Skipped saving
<2019-02-25 17:35:25,990> DEBUG    - Saved hyperparameter_key: "Cnuf-_kbeY980-eJIRpXwfDpo_1Iske_IwYBMNUm8VY="
<2019-02-25 17:35:25,992> DEBUG    - Saving result file for 'LeaderboardEntryRecorder'
<2019-02-25 17:35:25,994> DEBUG    - Saving result file for 'DescriptionRecorder'
<2019-02-25 17:35:25,997> DEBUG    - Saving result file for 'PredictionsOOFRecorder'
<2019-02-25 17:35:26,129> DEBUG    - Saving result file for 'HeartbeatRecorder'
